<?xml version="1.0" encoding="UTF-8"?>
<testsuite name="com.example.vulnscanner.service.UserServiceTest" tests="3" skipped="0" failures="0" errors="0" timestamp="2025-12-02T08:06:46.177Z" hostname="munchanghyeon-ui-MacBookAir.local" time="0.747">
  <properties/>
  <testcase name="createUser_DuplicateUsername_ThrowsException()" classname="com.example.vulnscanner.service.UserServiceTest" time="0.733"/>
  <testcase name="createUser_Success()" classname="com.example.vulnscanner.service.UserServiceTest" time="0.009"/>
  <testcase name="deleteUser_Success()" classname="com.example.vulnscanner.service.UserServiceTest" time="0.003"/>
  <system-out><![CDATA[]]></system-out>
  <system-err><![CDATA[]]></system-err>
</testsuite>
