<?xml version="1.0" encoding="UTF-8"?>
<testsuite name="com.example.vulnscanner.service.UserServiceTest" tests="3" skipped="0" failures="0" errors="0" timestamp="2025-12-14T11:40:28.761Z" hostname="munchanghyeon-ui-MacBookAir" time="0.617">
  <properties/>
  <testcase name="createUser_DuplicateUsername_ThrowsException()" classname="com.example.vulnscanner.service.UserServiceTest" time="0.608"/>
  <testcase name="createUser_Success()" classname="com.example.vulnscanner.service.UserServiceTest" time="0.004"/>
  <testcase name="deleteUser_Success()" classname="com.example.vulnscanner.service.UserServiceTest" time="0.001"/>
  <system-out><![CDATA[]]></system-out>
  <system-err><![CDATA[]]></system-err>
</testsuite>
